22:22:41:049  INFO 10876 --- [main] com.example.tsd.EsayExcelTest            : Starting EsayExcelTest using Java 17.0.1 with PID 10876 (started by dell in E:\学习\jenkins_java_test)
22:22:41:061 DEBUG 10876 --- [main] com.example.tsd.EsayExcelTest            : Running with Spring Boot v3.1.5, Spring v6.0.13
22:22:41:063  INFO 10876 --- [main] com.example.tsd.EsayExcelTest            : The following 1 profile is active: "dev"
22:22:43:279  INFO 10876 --- [main] .s.d.r.c.RepositoryConfigurationDelegate : Multiple Spring Data modules found, entering strict repository configuration mode
22:22:43:284  INFO 10876 --- [main] .s.d.r.c.RepositoryConfigurationDelegate : Bootstrapping Spring Data Redis repositories in DEFAULT mode.
22:22:43:353  INFO 10876 --- [main] .s.d.r.c.RepositoryConfigurationDelegate : Finished Spring Data repository scanning in 36 ms. Found 0 Redis repository interfaces.
22:22:52:909  INFO 10876 --- [main] com.example.tsd.EsayExcelTest            : Started EsayExcelTest in 12.709 seconds (process running for 15.497)
22:23:28:870  INFO 11736 --- [main] com.example.tsd.TsdApplication           : Starting TsdApplication using Java 17.0.1 with PID 11736 (E:\学习\jenkins_java_test\target\classes started by dell in E:\学习\jenkins_java_test)
22:23:28:872 DEBUG 11736 --- [main] com.example.tsd.TsdApplication           : Running with Spring Boot v3.1.5, Spring v6.0.13
22:23:28:874  INFO 11736 --- [main] com.example.tsd.TsdApplication           : The following 1 profile is active: "dev"
22:23:29:952  INFO 11736 --- [main] .s.d.r.c.RepositoryConfigurationDelegate : Multiple Spring Data modules found, entering strict repository configuration mode
22:23:29:957  INFO 11736 --- [main] .s.d.r.c.RepositoryConfigurationDelegate : Bootstrapping Spring Data Redis repositories in DEFAULT mode.
22:23:30:005  INFO 11736 --- [main] .s.d.r.c.RepositoryConfigurationDelegate : Finished Spring Data repository scanning in 28 ms. Found 0 Redis repository interfaces.
22:23:31:417  INFO 11736 --- [main] o.s.b.w.embedded.tomcat.TomcatWebServer  : Tomcat initialized with port(s): 9999 (http)
22:23:31:434  INFO 11736 --- [main] o.apache.catalina.core.StandardService   : Starting service [Tomcat]
22:23:31:435  INFO 11736 --- [main] o.apache.catalina.core.StandardEngine    : Starting Servlet engine: [Apache Tomcat/10.1.15]
22:23:31:632  INFO 11736 --- [main] o.a.c.c.C.[Tomcat].[localhost].[/]       : Initializing Spring embedded WebApplicationContext
22:23:31:633  INFO 11736 --- [main] w.s.c.ServletWebServerApplicationContext : Root WebApplicationContext: initialization completed in 2677 ms
22:23:35:719  INFO 11736 --- [main] o.s.b.w.embedded.tomcat.TomcatWebServer  : Tomcat started on port(s): 9999 (http) with context path ''
22:23:35:731  INFO 11736 --- [main] com.example.tsd.TsdApplication           : Started TsdApplication in 7.778 seconds (process running for 9.181)
23:25:48:467  INFO 11744 --- [main] com.example.tsd.TsdApplication           : Starting TsdApplication using Java 17.0.1 with PID 11744 (E:\学习\jenkins_java_test\target\classes started by dell in E:\学习\jenkins_java_test)
23:25:48:471 DEBUG 11744 --- [main] com.example.tsd.TsdApplication           : Running with Spring Boot v3.1.5, Spring v6.0.13
23:25:48:473  INFO 11744 --- [main] com.example.tsd.TsdApplication           : The following 1 profile is active: "dev"
23:25:49:584  INFO 11744 --- [main] .s.d.r.c.RepositoryConfigurationDelegate : Multiple Spring Data modules found, entering strict repository configuration mode
23:25:49:587  INFO 11744 --- [main] .s.d.r.c.RepositoryConfigurationDelegate : Bootstrapping Spring Data Redis repositories in DEFAULT mode.
23:25:49:629  INFO 11744 --- [main] .s.d.r.c.RepositoryConfigurationDelegate : Finished Spring Data repository scanning in 22 ms. Found 0 Redis repository interfaces.
23:25:50:734  INFO 11744 --- [main] o.s.b.w.embedded.tomcat.TomcatWebServer  : Tomcat initialized with port(s): 9999 (http)
23:25:50:744  INFO 11744 --- [main] o.apache.catalina.core.StandardService   : Starting service [Tomcat]
23:25:50:843  INFO 11744 --- [main] o.apache.catalina.core.StandardEngine    : Starting Servlet engine: [Apache Tomcat/10.1.15]
23:25:50:957  INFO 11744 --- [main] o.a.c.c.C.[Tomcat].[localhost].[/]       : Initializing Spring embedded WebApplicationContext
23:25:50:958  INFO 11744 --- [main] w.s.c.ServletWebServerApplicationContext : Root WebApplicationContext: initialization completed in 2399 ms
23:25:54:221  INFO 11744 --- [main] o.s.b.w.embedded.tomcat.TomcatWebServer  : Tomcat started on port(s): 9999 (http) with context path ''
23:25:54:236  INFO 11744 --- [main] com.example.tsd.TsdApplication           : Started TsdApplication in 6.655 seconds (process running for 7.698)
15:10:11:217  INFO 17104 --- [main] com.example.tsd.EsayExcelTest            : Starting EsayExcelTest using Java 20.0.1 with PID 17104 (started by admin in C:\Users\admin\Desktop\project\jenkins_java_test)
15:10:11:219 DEBUG 17104 --- [main] com.example.tsd.EsayExcelTest            : Running with Spring Boot v3.1.5, Spring v6.0.13
15:10:11:221  INFO 17104 --- [main] com.example.tsd.EsayExcelTest            : The following 1 profile is active: "dev"
15:10:12:760  INFO 17104 --- [main] .s.d.r.c.RepositoryConfigurationDelegate : Multiple Spring Data modules found, entering strict repository configuration mode
15:10:12:765  INFO 17104 --- [main] .s.d.r.c.RepositoryConfigurationDelegate : Bootstrapping Spring Data Redis repositories in DEFAULT mode.
15:10:12:817  INFO 17104 --- [main] .s.d.r.c.RepositoryConfigurationDelegate : Finished Spring Data repository scanning in 30 ms. Found 0 Redis repository interfaces.
15:10:19:878  INFO 17104 --- [main] com.example.tsd.EsayExcelTest            : Started EsayExcelTest in 9.272 seconds (process running for 11.493)
15:10:21:593  INFO 17104 --- [main] t.c.s.AnnotationConfigContextLoaderUtils : Could not detect default configuration classes for test class [com.example.tsd.TsdApplicationTests]: TsdApplicationTests does not declare any static, non-private, non-final, nested classes annotated with @Configuration.
15:10:21:601  INFO 17104 --- [main] .b.t.c.SpringBootTestContextBootstrapper : Found @SpringBootConfiguration com.example.tsd.TsdApplication for test class com.example.tsd.TsdApplicationTests
15:13:13:054  INFO 22472 --- [main] com.example.tsd.TsdApplication           : Starting TsdApplication using Java 20.0.1 with PID 22472 (C:\Users\admin\Desktop\project\jenkins_java_test\target\classes started by admin in C:\Users\admin\Desktop\project\jenkins_java_test)
15:13:13:056 DEBUG 22472 --- [main] com.example.tsd.TsdApplication           : Running with Spring Boot v3.1.5, Spring v6.0.13
15:13:13:057  INFO 22472 --- [main] com.example.tsd.TsdApplication           : The following 1 profile is active: "dev"
15:13:14:132  INFO 22472 --- [main] .s.d.r.c.RepositoryConfigurationDelegate : Multiple Spring Data modules found, entering strict repository configuration mode
15:13:14:135  INFO 22472 --- [main] .s.d.r.c.RepositoryConfigurationDelegate : Bootstrapping Spring Data Redis repositories in DEFAULT mode.
15:13:14:178  INFO 22472 --- [main] .s.d.r.c.RepositoryConfigurationDelegate : Finished Spring Data repository scanning in 24 ms. Found 0 Redis repository interfaces.
15:13:15:404  INFO 22472 --- [main] o.s.b.w.embedded.tomcat.TomcatWebServer  : Tomcat initialized with port(s): 9999 (http)
15:13:15:416  INFO 22472 --- [main] o.apache.catalina.core.StandardService   : Starting service [Tomcat]
15:13:15:420  INFO 22472 --- [main] o.apache.catalina.core.StandardEngine    : Starting Servlet engine: [Apache Tomcat/10.1.15]
15:13:15:526  INFO 22472 --- [main] o.a.c.c.C.[Tomcat].[localhost].[/]       : Initializing Spring embedded WebApplicationContext
15:13:15:526  INFO 22472 --- [main] w.s.c.ServletWebServerApplicationContext : Root WebApplicationContext: initialization completed in 2390 ms
15:13:18:476  INFO 22472 --- [main] o.s.b.w.embedded.tomcat.TomcatWebServer  : Tomcat started on port(s): 9999 (http) with context path ''
15:13:18:488  INFO 22472 --- [main] com.example.tsd.TsdApplication           : Started TsdApplication in 6.514 seconds (process running for 8.036)
